app/release/seeds.txt
zh3.maven.org.myapplication.AppCompatPreferenceActivity: void setContentView(android.view.View)
zh3.maven.org.myapplication.FtActivity
zh3.maven.org.myapplication.FtActivity: FtActivity()
zh3.maven.org.myapplication.FtSetActivity
zh3.maven.org.myapplication.FtSetActivity: FtSetActivity()
zh3.maven.org.myapplication.HelpActivity
zh3.maven.org.myapplication.HelpActivity: HelpActivity()
zh3.maven.org.myapplication.ListFileActivity
zh3.maven.org.myapplication.ListFileActivity: ListFileActivity()
zh3.maven.org.myapplication.R$anim
zh3.maven.org.myapplication.R$anim: int abc_fade_in
zh3.maven.org.myapplication.R$anim: int abc_fade_out
zh3.maven.org.myapplication.R$anim: int abc_grow_fade_in_from_bottom
zh3.maven.org.myapplication.R$anim: int abc_popup_enter
zh3.maven.org.myapplication.R$anim: int abc_popup_exit
zh3.maven.org.myapplication.R$anim: int abc_shrink_fade_out_from_bottom
zh3.maven.org.myapplication.R$anim: int abc_slide_in_bottom
zh3.maven.org.myapplication.R$anim: int abc_slide_in_top
zh3.maven.org.myapplication.R$anim: int abc_slide_out_bottom
zh3.maven.org.myapplication.R$anim: int abc_slide_out_top
zh3.maven.org.myapplication.R$attr
zh3.maven.org.myapplication.R$attr: int actionBarDivider
zh3.maven.org.myapplication.R$attr: int actionBarItemBackground
zh3.maven.org.myapplication.R$attr: int actionBarPopupTheme
zh3.maven.org.myapplication.R$attr: int actionBarSize
zh3.maven.org.myapplication.R$attr: int actionBarSplitStyle
zh3.maven.org.myapplication.R$attr: int actionBarStyle
zh3.maven.org.myapplication.R$attr: int actionBarTabBarStyle
zh3.maven.org.myapplication.R$attr: int actionBarTabStyle
zh3.maven.org.myapplication.R$attr: int actionBarTabTextStyle
zh3.maven.org.myapplication.R$attr: int actionBarTheme
zh3.maven.org.myapplication.R$attr: int actionBarWidgetTheme
zh3.maven.org.myapplication.R$attr: int actionButtonStyle
zh3.maven.org.myapplication.R$attr: int actionDropDownStyle
zh3.maven.org.myapplication.R$attr: int actionLayout
zh3.maven.org.myapplication.R$attr: int actionMenuTextAppearance
zh3.maven.org.myapplication.R$attr: int actionMenuTextColor
zh3.maven.org.myapplication.R$attr: int actionModeBackground
zh3.maven.org.myapplication.R$attr: int actionModeCloseButtonStyle
zh3.maven.org.myapplication.R$attr: int actionModeCloseDrawable
zh3.maven.org.myapplication.R$attr: int actionModeCopyDrawable
zh3.maven.org.myapplication.R$attr: int actionModeCutDrawable
zh3.maven.org.myapplication.R$attr: int actionModeFindDrawable
zh3.maven.org.myapplication.R$attr: int actionModePasteDrawable
zh3.maven.org.myapplication.R$bool
zh3.maven.org.myapplication.R$bool: int abc_action_bar_embed_tabs
zh3.maven.org.myapplication.R$bool: int abc_allow_stacked_button_bar
zh3.maven.org.myapplication.R$bool: int abc_config_actionMenuItemAllCaps
zh3.maven.org.myapplication.R$bool: int abc_config_closeDialogWhenTouchOutside
zh3.maven.org.myapplication.R$bool: int abc_config_showMenuShortcutsWhenKeyboardPresent
...
android.support.v7.widget.ActionBarContainer
android.support.v7.widget.ActionBarContainer: ActionBarContainer(android.content.Context)
android.support.v7.widget.ActionBarContainer: ActionBarContainer(android.content.Context,android.util.AttributeSet)
android.support.v7.widget.ActionBarContainer: void setPrimaryBackground(android.graphics.drawable.Drawable)
android.support.v7.widget.ActionBarContainer: void setStackedBackground(android.graphics.drawable.Drawable)
android.support.v7.widget.ActionBarContainer: void setSplitBackground(android.graphics.drawable.Drawable)
android.support.v7.widget.ActionBarContainer: void setVisibility(int)
android.support.v7.widget.ActionBarContainer: void setTransitioning(boolean)
android.support.v7.widget.ActionBarContainer: void setTabContainer(android.support.v7.widget.ScrollingTabContainerView)
android.support.v7.widget.ActionBarContainer: android.view.View getTabContainer()
android.support.v7.widget.ActionBarContextView
android.support.v7.widget.ActionBarContextView: ActionBarContextView(android.content.Context)
android.support.v7.widget.ActionBarContextView: ActionBarContextView(android.content.Context,android.util.AttributeSet)
android.support.v7.widget.ActionBarContextView: ActionBarContextView(android.content.Context,android.util.AttributeSet,int)
android.support.v7.widget.ActionBarContextView: void setContentHeight(int)
android.support.v7.widget.ActionBarContextView: void setCustomView(android.view.View)
android.support.v7.widget.ActionBarContextView: void setTitle(java.lang.CharSequence)
android.support.v7.widget.ActionBarContextView: void setSubtitle(java.lang.CharSequence)
android.support.v7.widget.ActionBarContextView: java.lang.CharSequence getTitle()
android.support.v7.widget.ActionBarContextView: java.lang.CharSequence getSubtitle()
android.support.v7.widget.ActionBarContextView: void setTitleOptional(boolean)
android.support.v7.widget.ActionBarContextView: void setVisibility(int)
android.support.v7.widget.ActionBarContextView: int getAnimatedVisibility()
android.support.v7.widget.ActionBarContextView: int getContentHeight()
android.support.v7.widget.ActionBarOverlayLayout
android.support.v7.widget.ActionBarOverlayLayout: ActionBarOverlayLayout(android.content.Context)
android.support.v7.widget.ActionBarOverlayLayout: ActionBarOverlayLayout(android.content.Context,android.util.AttributeSet)
android.support.v7.widget.ActionBarOverlayLayout: void setActionBarVisibilityCallback(android.support.v7.widget.ActionBarOverlayLayout$ActionBarVisibilityCallback)
android.support.v7.widget.ActionBarOverlayLayout: void setOverlayMode(boolean)
android.support.v7.widget.ActionBarOverlayLayout: void setHasNonEmbeddedTabs(boolean)
android.support.v7.widget.ActionBarOverlayLayout: void setShowingForActionMode(boolean)
android.support.v7.widget.ActionBarOverlayLayout: int getNestedScrollAxes()
android.support.v7.widget.ActionBarOverlayLayout: void setHideOnContentScrollEnabled(boolean)
android.support.v7.widget.ActionBarOverlayLayout: int getActionBarHideOffset()
android.support.v7.widget.ActionBarOverlayLayout: void setActionBarHideOffset(int)
android.support.v7.widget.ActionBarOverlayLayout: void setWindowCallback(android.view.Window$Callback)
android.support.v7.widget.ActionBarOverlayLayout: void setWindowTitle(java.lang.CharSequence)
android.support.v7.widget.ActionBarOverlayLayout: java.lang.CharSequence getTitle()
android.support.v7.widget.ActionBarOverlayLayout: void setUiOptions(int)
android.support.v7.widget.ActionBarOverlayLayout: void setIcon(int)
android.support.v7.widget.ActionMenuPresenter$SavedState: android.os.Parcelable$Creator CREATOR