app/release/mapping.txt
zh3.maven.org.myapplication.FileProgress -> zh3.maven.org.myapplication.a:
    java.lang.String txt -> a
    int total -> b
    int current -> c
    void <init>() -> <init>
zh3.maven.org.myapplication.FileTransferTask -> zh3.maven.org.myapplication.b:
    zh3.maven.org.myapplication.FtActivity ftActivity -> d
    boolean RUN -> a
    boolean restart -> e
    zh3.maven.org.myapplication.FileProgress fp -> f
    zh3.maven.org.myapplication.FileProgress last -> g
    zh.Transfer transfer -> h
    java.net.Socket client -> b
    zh.Connection connection -> c
    int timeoutTry -> i
    java.text.DecimalFormat df -> j
    long lastSend -> k
    long lastSendTime -> l
    void <init>(zh3.maven.org.myapplication.FtActivity) -> <init>
    void onPreExecute() -> onPreExecute
    zh3.maven.org.myapplication.FileProgress log(java.lang.String) -> a
    java.lang.Boolean doInBackground(java.lang.Void[]) -> a
    void testClient(zh.Config) -> a
    void closeAll() -> a
    void closeConnection() -> b
    void onCancelled() -> onCancelled
    void onPostExecute(java.lang.Boolean) -> a
    void onProgressUpdate(zh3.maven.org.myapplication.FileProgress[]) -> a
    void onProgressUpdate(java.lang.Object[]) -> onProgressUpdate
    void onPostExecute(java.lang.Object) -> onPostExecute
    java.lang.Object doInBackground(java.lang.Object[]) -> doInBackground
zh3.maven.org.myapplication.FtActivity -> zh3.maven.org.myapplication.FtActivity:
    zh3.maven.org.myapplication.FileTransferTask mFileTask -> n
    android.widget.ArrayAdapter adapter -> o
    java.io.File cacheDir -> s
    java.util.LinkedList logModel -> t
    android.widget.ProgressBar progressBar -> p
    android.widget.TextView statusLog -> q
    zh.LogUtils logUtils -> r
    void <init>() -> <init>
    boolean onCreateOptionsMenu(android.view.Menu) -> onCreateOptionsMenu
    void onResume() -> onResume
    void onPause() -> onPause
    boolean onPrepareOptionsMenu(android.view.Menu) -> onPrepareOptionsMenu
    boolean onOptionsItemSelected(android.view.MenuItem) -> onOptionsItemSelected
    void startFileTranfer() -> i
    boolean isTaskRun() -> j
    void onBackPressed() -> onBackPressed
    void onActivityResult(int,int,android.content.Intent) -> onActivityResult
    void showTxt(java.lang.String) -> b
    void onDestroy() -> onDestroy
    void onCreate(android.os.Bundle) -> onCreate
    void logMessage(java.lang.String) -> a
    void showUpdate(java.lang.String,java.lang.String) -> a
    void attemptLogin() -> k
    void access$000(zh3.maven.org.myapplication.FtActivity,java.lang.String,java.lang.String) -> a
zh3.maven.org.myapplication.FtActivity$1 -> zh3.maven.org.myapplication.FtActivity$1:
    zh3.maven.org.myapplication.FtActivity this$0 -> a
    void <init>(zh3.maven.org.myapplication.FtActivity) -> <init>
    void onClick(android.content.DialogInterface,int) -> onClick
zh3.maven.org.myapplication.FtActivity$2 -> zh3.maven.org.myapplication.FtActivity$2:
    zh3.maven.org.myapplication.FtActivity this$0 -> a
    void <init>(zh3.maven.org.myapplication.FtActivity) -> <init>
    void onClick(android.content.DialogInterface,int) -> onClick
zh3.maven.org.myapplication.FtActivity$3 -> zh3.maven.org.myapplication.FtActivity$3:
    zh3.maven.org.myapplication.FtActivity this$0 -> a
    void <init>(zh3.maven.org.myapplication.FtActivity) -> <init>
    void onClick(android.content.DialogInterface,int) -> onClick
zh3.maven.org.myapplication.FtActivity$4 -> zh3.maven.org.myapplication.FtActivity$4:
    zh3.maven.org.myapplication.FtActivity this$0 -> a
    void <init>(zh3.maven.org.myapplication.FtActivity) -> <init>
    void onClick(android.content.DialogInterface,int) -> onClick
...
android.support.graphics.drawable.AndroidResources -> android.support.a.a.a:
    int[] styleable_VectorDrawableTypeArray -> a
    int[] styleable_VectorDrawableGroup -> b
    int[] styleable_VectorDrawablePath -> c
    int[] styleable_VectorDrawableClipPath -> d
    int[] styleable_AnimatedVectorDrawable -> e
    int[] styleable_AnimatedVectorDrawableTarget -> f
    void <clinit>() -> <clinit>
android.support.graphics.drawable.AnimatedVectorDrawableCompat -> android.support.a.a.b:
    android.support.graphics.drawable.AnimatedVectorDrawableCompat$AnimatedVectorDrawableCompatState mAnimatedVectorState -> c
    android.content.Context mContext -> d
    android.animation.ArgbEvaluator mArgbEvaluator -> e
    android.graphics.drawable.Drawable$Callback mCallback -> a
    void <init>() -> <init>
    void <init>(android.content.Context) -> <init>
    void <init>(android.content.Context,android.support.graphics.drawable.AnimatedVectorDrawableCompat$AnimatedVectorDrawableCompatState,android.content.res.Resources) -> <init>
    android.graphics.drawable.Drawable mutate() -> mutate
    android.support.graphics.drawable.AnimatedVectorDrawableCompat createFromXmlInner(android.content.Context,android.content.res.Resources,org.xmlpull.v1.XmlPullParser,android.util.AttributeSet,android.content.res.Resources$Theme) -> a
    android.graphics.drawable.Drawable$ConstantState getConstantState() -> getConstantState
    int getChangingConfigurations() -> getChangingConfigurations
    void draw(android.graphics.Canvas) -> draw
    void onBoundsChange(android.graphics.Rect) -> onBoundsChange
    boolean onStateChange(int[]) -> onStateChange
    boolean onLevelChange(int) -> onLevelChange
    int getAlpha() -> getAlpha
    void setAlpha(int) -> setAlpha
    void setColorFilter(android.graphics.ColorFilter) -> setColorFilter
    void setTint(int) -> setTint
android.support.graphics.drawable.AnimatedVectorDrawableCompat$1 -> android.support.a.a.b$1:
    android.support.graphics.drawable.AnimatedVectorDrawableCompat this$0 -> a
    void <init>(android.support.graphics.drawable.AnimatedVectorDrawableCompat) -> <init>
    void invalidateDrawable(android.graphics.drawable.Drawable) -> invalidateDrawable
    void scheduleDrawable(android.graphics.drawable.Drawable,java.lang.Runnable,long) -> scheduleDrawable
    void unscheduleDrawable(android.graphics.drawable.Drawable,java.lang.Runnable) -> unscheduleDrawable
android.support.graphics.drawable.AnimatedVectorDrawableCompat$AnimatedVectorDrawableCompatState -> android.support.a.a.b$a:
    int mChangingConfigurations -> a
    android.support.graphics.drawable.VectorDrawableCompat mVectorDrawable -> b
    java.util.ArrayList mAnimators -> c
    android.support.v4.util.ArrayMap mTargetNameMap -> d
    void <init>(android.content.Context,android.support.graphics.drawable.AnimatedVectorDrawableCompat$AnimatedVectorDrawableCompatState,android.graphics.drawable.Drawable$Callback,android.content.res.Resources) -> <init>
    android.graphics.drawable.Drawable newDrawable() -> newDrawable
    android.graphics.drawable.Drawable newDrawable(android.content.res.Resources) -> newDrawable
    int getChangingConfigurations() -> getChangingConfigurations
android.support.graphics.drawable.AnimatedVectorDrawableCompat$AnimatedVectorDrawableDelegateState -> android.support.a.a.b$b:
    android.graphics.drawable.Drawable$ConstantState mDelegateState -> a
    void <init>(android.graphics.drawable.Drawable$ConstantState) -> <init>
    android.graphics.drawable.Drawable newDrawable() -> newDrawable
    android.graphics.drawable.Drawable newDrawable(android.content.res.Resources) -> newDrawable
    android.graphics.drawable.Drawable newDrawable(android.content.res.Resources,android.content.res.Resources$Theme) -> newDrawable
    boolean canApplyTheme() -> canApplyTheme
    int getChangingConfigurations() -> getChangingConfigurations