app/release/usage.txt
zh3.maven.org.myapplication.AppCompatPreferenceActivity
zh3.maven.org.myapplication.BuildConfig
zh3.maven.org.myapplication.FtActivity:
    private static final int REQUEST_READ_CONTACTS
    private static final int REQUEST_CODE_SETTINGS_ACTIVITY
    private static final int REQUEST_CODE_FAQ_ACTIVITY
    private static final int REQUEST_CODE_FEEDBACK_ACTIVITY
zh3.maven.org.myapplication.FtSetActivity:
    private static final java.lang.String TAG
    private static final int REQUEST_CODE_FILE_EXPLORER_ACTIVITY
zh3.maven.org.myapplication.ListFileActivity:
    private static final java.lang.String TAG
zh3.maven.org.myapplication.R:
    10:10:public R()
zh3.maven.org.myapplication.Test
zh3.maven.org.myapplication.UpdateThread:
    private static final int version
    30:41:public static synchronized void startConsole()
zh3.maven.org.myapplication.UpdateThread$1
...
android.support.v4.view.LayoutInflaterCompat:
    74:75:private LayoutInflaterCompat()
android.support.v4.view.LayoutInflaterCompatBase:
    28:30:LayoutInflaterCompatBase()
android.support.v4.view.LayoutInflaterCompatHC:
    private static final java.lang.String TAG
    31:37:LayoutInflaterCompatHC()
android.support.v4.view.LayoutInflaterCompatLollipop:
    26:26:LayoutInflaterCompatLollipop()
android.support.v4.view.MarginLayoutParamsCompat:
    177:178:public static void setMarginStart(android.view.ViewGroup$MarginLayoutParams,int)
    192:193:public static void setMarginEnd(android.view.ViewGroup$MarginLayoutParams,int)
    201:201:public static boolean isMarginRelative(android.view.ViewGroup$MarginLayoutParams)
    211:218:public static int getLayoutDirection(android.view.ViewGroup$MarginLayoutParams)
    229:230:public static void setLayoutDirection(android.view.ViewGroup$MarginLayoutParams,int)
    238:239:public static void resolveLayoutDirection(android.view.ViewGroup$MarginLayoutParams,int)
    241:241:private MarginLayoutParamsCompat()
android.support.v4.view.MarginLayoutParamsCompat$MarginLayoutParamsCompatImpl:
    public abstract void setMarginStart(android.view.ViewGroup$MarginLayoutParams,int)
    public abstract void setMarginEnd(android.view.ViewGroup$MarginLayoutParams,int)
    public abstract boolean isMarginRelative(android.view.ViewGroup$MarginLayoutParams)
    public abstract int getLayoutDirection(android.view.ViewGroup$MarginLayoutParams)
    public abstract void setLayoutDirection(android.view.ViewGroup$MarginLayoutParams,int)
    public abstract void resolveLayoutDirection(android.view.ViewGroup$MarginLayoutParams,int)
android.support.v4.view.MarginLayoutParamsCompat$MarginLayoutParamsCompatImplBase:
    53:54:public void setMarginStart(android.view.ViewGroup$MarginLayoutParams,int)
    58:59:public void setMarginEnd(android.view.ViewGroup$MarginLayoutParams,int)
    63:63:public boolean isMarginRelative(android.view.ViewGroup$MarginLayoutParams)
    68:68:public int getLayoutDirection(android.view.ViewGroup$MarginLayoutParams)
    74:74:public void setLayoutDirection(android.view.ViewGroup$MarginLayoutParams,int)
    79:79:public void resolveLayoutDirection(android.view.ViewGroup$MarginLayoutParams,int)
android.support.v4.view.MarginLayoutParamsCompat$MarginLayoutParamsCompatImplJbMr1:
    96:97:public void setMarginStart(android.view.ViewGroup$MarginLayoutParams,int)
    101:102:public void setMarginEnd(android.view.ViewGroup$MarginLayoutParams,int)
    106:106:public boolean isMarginRelative(android.view.ViewGroup$MarginLayoutParams)
    111:111:public int getLayoutDirection(android.view.ViewGroup$MarginLayoutParams)
    116:117:public void setLayoutDirection(android.view.ViewGroup$MarginLayoutParams,int)
    121:122:public void resolveLayoutDirection(android.view.ViewGroup$MarginLayoutParams,int)
android.support.v4.view.MarginLayoutParamsCompatJellybeanMr1:
    26:26:MarginLayoutParamsCompatJellybeanMr1()
    36:37:public static void setMarginStart(android.view.ViewGroup$MarginLayoutParams,int)
    40:41:public static void setMarginEnd(android.view.ViewGroup$MarginLayoutParams,int)
    44:44:public static boolean isMarginRelative(android.view.ViewGroup$MarginLayoutParams)
    48:48:public static int getLayoutDirection(android.view.ViewGroup$MarginLayoutParams)
    52:53:public static void setLayoutDirection(android.view.ViewGroup$MarginLayoutParams,int)
    57:58:public static void resolveLayoutDirection(android.view.ViewGroup$MarginLayoutParams,int)
android.support.v4.view.MenuCompat